<?xml version="1.0" encoding="UTF-8"?>
<!-- Generated by org.testng.reporters.JUnitReportReporter -->
<testsuite hostname="RayPC" name="automationRay.HomePage" tests="2" failures="0" timestamp="22 Apr 2020 17:31:09 GMT" time="24.192" errors="0">
  <testcase name="basePageNavigation" time="14.487" classname="automationRay.HomePage"/>
  <testcase name="basePageNavigation" time="9.705" classname="automationRay.HomePage"/>
</testsuite> <!-- automationRay.HomePage -->
