<?xml version="1.0" encoding="UTF-8"?>
<!-- Generated by org.testng.reporters.JUnitReportReporter -->
<testsuite hostname="RayPC" name="automationRay.ValidateTitle" tests="1" failures="0" timestamp="21 Apr 2020 02:46:27 GMT" time="12.106" errors="0">
  <testcase name="basePageNavigation" time="12.106" classname="automationRay.ValidateTitle"/>
</testsuite> <!-- automationRay.ValidateTitle -->
