<?xml version="1.0" encoding="UTF-8"?>
<!-- Generated by org.testng.reporters.JUnitReportReporter -->
<testsuite hostname="RayPC" name="automationRay.HomePage" tests="2" failures="0" timestamp="21 Apr 2020 01:28:21 GMT" time="47.159" errors="0">
  <testcase name="basePageNavigation" time="21.683" classname="automationRay.HomePage"/>
  <testcase name="basePageNavigation" time="25.476" classname="automationRay.HomePage"/>
</testsuite> <!-- automationRay.HomePage -->
