<?xml version="1.0" encoding="UTF-8"?>
<!-- Generated by org.testng.reporters.JUnitReportReporter -->
<testsuite hostname="RayPC" name="automationRay.ValidateTitle" tests="1" failures="0" timestamp="22 Apr 2020 16:10:11 GMT" time="0.303" errors="0">
  <testcase name="basePageNavigation" time="0.303" classname="automationRay.ValidateTitle"/>
</testsuite> <!-- automationRay.ValidateTitle -->
